[info] [API] Request for flow/create-entity: {
	"action": "flow/create-entity",
	"params": {},
	"context": {
		"workspace": {
			"rootPath": "/home/ortho/Desktop/projects/lowgular/ng-bootstrap-starter-kit"
		},
		"userContext": {
			"id": "ARafTbe6qH",
			"correlationId": "x38bfAkAyh",
			"clickedPath": "/home/ortho/Desktop/projects/lowgular/ng-bootstrap-starter-kit/src/app",
			"logEnvId": "development"
		}
	},
	"level": "info",
	"message": "[API] Request for flow/create-entity"
}
[info] [CLI] Calling Query flow/create-entity: {
	"funcParams": {},
	"level": "info",
	"message": "[CLI] Calling Query flow/create-entity"
}
[info] [CLI] Called Query flow/create-entity: {
	"result": {
		"context": {
			"project": {
				"name": "ng-bootstrap-starter-kit",
				"workspaceRoot": "/home/ortho/Desktop/projects/lowgular/ng-bootstrap-starter-kit",
				"root": "",
				"sourceRoot": "src",
				"prefix": "app",
				"codePathFromWorkspaceRoot": "src/app",
				"absoluteCodePath": "/home/ortho/Desktop/projects/lowgular/ng-bootstrap-starter-kit/src/app",
				"absoluteRootPath": "/home/ortho/Desktop/projects/lowgular/ng-bootstrap-starter-kit",
				"rootRoutingFilePath": "/home/ortho/Desktop/projects/lowgular/ng-bootstrap-starter-kit/src/app/app-routing.module.ts",
				"type": "App"
			}
		},
		"steps": [
			{
				"contextId": "entity",
				"title": "What do you want to create?",
				"type": "multi-option",
				"options": {
					"App": [
						{
							"id": "component",
							"suffix": "Component",
							"folder": "components/$name$",
							"type": "ANGULAR_COMPONENT",
							"insideOf": "App",
							"config": {
								"stylesExtension": "scss",
								"viewEncapsulation": "Emulated",
								"selector": "generated",
								"changeDetectionStrategy": "OnPush"
							}
						},
						{
							"id": "model",
							"suffix": "Model",
							"folder": "models",
							"type": "DATA_STRUCTURE",
							"insideOf": "App"
						},
						{
							"id": "service",
							"suffix": "Service",
							"folder": "services",
							"type": "ANGULAR_SERVICE",
							"insideOf": "App"
						}
					],
					"Lib": []
				},
				"param": "project.type",
				"property": "id"
			},
			{
				"contextId": "name",
				"title": "What is the $entity.id$ name?",
				"subtitle": "e.g. user",
				"type": "text-input"
			},
			{
				"conditions": [
					{
						"left": "entity.type",
						"operator": "eq",
						"right": "DATA_STRUCTURE"
					},
					{
						"left": "entity.type",
						"operator": "eq",
						"right": "OBJECT"
					}
				],
				"contextId": "properties",
				"title": "What are the $entity.id$ properties?",
				"subtitle": "Optional: Can be empty... or use csv format e.g. id:number,text:string",
				"type": "multi-input"
			}
		],
		"request": {
			"scope": "entity.type",
			"config": {
				"LIBRARY": {
					"url": "library/create",
					"payload": {
						"name": "name.value"
					}
				},
				"OBJECT": {
					"url": "object/create",
					"payload": {
						"name": "name.value",
						"properties": "properties",
						"entityId": "entity.id"
					}
				},
				"DATA_STRUCTURE": {
					"url": "data-structure/create",
					"payload": {
						"name": "name.value",
						"properties": "properties",
						"entityId": "entity.id"
					}
				},
				"ANGULAR_COMPONENT": {
					"url": "angular-component/create",
					"payload": {
						"name": "name.value",
						"entityId": "entity.id"
					}
				},
				"ANGULAR_DIRECTIVE": {
					"url": "angular-directive/create",
					"payload": {
						"name": "name.value",
						"entityId": "entity.id"
					}
				},
				"ANGULAR_GUARD": {
					"url": "angular-guard/create",
					"payload": {
						"name": "name.value",
						"entityId": "entity.id"
					}
				},
				"ANGULAR_RESOLVER": {
					"url": "angular-resolver/create",
					"payload": {
						"name": "name.value",
						"entityId": "entity.id"
					}
				},
				"ANGULAR_SERVICE": {
					"url": "angular-service/create",
					"payload": {
						"name": "name.value",
						"entityId": "entity.id"
					}
				},
				"ABSTRACTION": {
					"url": "abstraction/create",
					"payload": {
						"name": "name.value",
						"entityId": "entity.id"
					}
				}
			}
		}
	},
	"level": "info",
	"message": "[CLI] Called Query flow/create-entity"
}
[info] [API] Response ok: flow/create-entity: {
	"result": {
		"context": {
			"project": {
				"name": "ng-bootstrap-starter-kit",
				"workspaceRoot": "/home/ortho/Desktop/projects/lowgular/ng-bootstrap-starter-kit",
				"root": "",
				"sourceRoot": "src",
				"prefix": "app",
				"codePathFromWorkspaceRoot": "src/app",
				"absoluteCodePath": "/home/ortho/Desktop/projects/lowgular/ng-bootstrap-starter-kit/src/app",
				"absoluteRootPath": "/home/ortho/Desktop/projects/lowgular/ng-bootstrap-starter-kit",
				"rootRoutingFilePath": "/home/ortho/Desktop/projects/lowgular/ng-bootstrap-starter-kit/src/app/app-routing.module.ts",
				"type": "App"
			}
		},
		"steps": [
			{
				"contextId": "entity",
				"title": "What do you want to create?",
				"type": "multi-option",
				"options": {
					"App": [
						{
							"id": "component",
							"suffix": "Component",
							"folder": "components/$name$",
							"type": "ANGULAR_COMPONENT",
							"insideOf": "App",
							"config": {
								"stylesExtension": "scss",
								"viewEncapsulation": "Emulated",
								"selector": "generated",
								"changeDetectionStrategy": "OnPush"
							}
						},
						{
							"id": "model",
							"suffix": "Model",
							"folder": "models",
							"type": "DATA_STRUCTURE",
							"insideOf": "App"
						},
						{
							"id": "service",
							"suffix": "Service",
							"folder": "services",
							"type": "ANGULAR_SERVICE",
							"insideOf": "App"
						}
					],
					"Lib": []
				},
				"param": "project.type",
				"property": "id"
			},
			{
				"contextId": "name",
				"title": "What is the $entity.id$ name?",
				"subtitle": "e.g. user",
				"type": "text-input"
			},
			{
				"conditions": [
					{
						"left": "entity.type",
						"operator": "eq",
						"right": "DATA_STRUCTURE"
					},
					{
						"left": "entity.type",
						"operator": "eq",
						"right": "OBJECT"
					}
				],
				"contextId": "properties",
				"title": "What are the $entity.id$ properties?",
				"subtitle": "Optional: Can be empty... or use csv format e.g. id:number,text:string",
				"type": "multi-input"
			}
		],
		"request": {
			"scope": "entity.type",
			"config": {
				"LIBRARY": {
					"url": "library/create",
					"payload": {
						"name": "name.value"
					}
				},
				"OBJECT": {
					"url": "object/create",
					"payload": {
						"name": "name.value",
						"properties": "properties",
						"entityId": "entity.id"
					}
				},
				"DATA_STRUCTURE": {
					"url": "data-structure/create",
					"payload": {
						"name": "name.value",
						"properties": "properties",
						"entityId": "entity.id"
					}
				},
				"ANGULAR_COMPONENT": {
					"url": "angular-component/create",
					"payload": {
						"name": "name.value",
						"entityId": "entity.id"
					}
				},
				"ANGULAR_DIRECTIVE": {
					"url": "angular-directive/create",
					"payload": {
						"name": "name.value",
						"entityId": "entity.id"
					}
				},
				"ANGULAR_GUARD": {
					"url": "angular-guard/create",
					"payload": {
						"name": "name.value",
						"entityId": "entity.id"
					}
				},
				"ANGULAR_RESOLVER": {
					"url": "angular-resolver/create",
					"payload": {
						"name": "name.value",
						"entityId": "entity.id"
					}
				},
				"ANGULAR_SERVICE": {
					"url": "angular-service/create",
					"payload": {
						"name": "name.value",
						"entityId": "entity.id"
					}
				},
				"ABSTRACTION": {
					"url": "abstraction/create",
					"payload": {
						"name": "name.value",
						"entityId": "entity.id"
					}
				}
			}
		}
	},
	"level": "info",
	"message": "[API] Response ok: flow/create-entity"
}
[info] [API] Request for angular-component/create: {
	"action": "angular-component/create",
	"params": {
		"name": "login",
		"entityId": "component"
	},
	"context": {
		"workspace": {
			"rootPath": "/home/ortho/Desktop/projects/lowgular/ng-bootstrap-starter-kit"
		},
		"userContext": {
			"id": "ARafTbe6qH",
			"correlationId": "x38bfAkAyh",
			"clickedPath": "/home/ortho/Desktop/projects/lowgular/ng-bootstrap-starter-kit/src/app",
			"logEnvId": "development"
		}
	},
	"level": "info",
	"message": "[API] Request for angular-component/create"
}
[info] [CLI] Calling Command angular-component/create: {
	"funcParams": {
		"name": "login",
		"entityId": "component"
	},
	"level": "info",
	"message": "[CLI] Calling Command angular-component/create"
}
[info] [CommandBus]: Dispatching command COMPONENT_CREATE_SMART_COMPONENT: {
	"commandName": "COMPONENT_CREATE_SMART_COMPONENT",
	"payload": {
		"name": "login",
		"prefix": "app",
		"suffix": "Component",
		"absoluteFolderPath": "/home/ortho/Desktop/projects/lowgular/ng-bootstrap-starter-kit/src/app/components/login",
		"config": {
			"stylesExtension": "scss",
			"viewEncapsulation": "Emulated",
			"selector": "generated",
			"changeDetectionStrategy": "OnPush"
		}
	},
	"level": "info",
	"message": "[CommandBus]: Dispatching command COMPONENT_CREATE_SMART_COMPONENT"
}
[warn] [TsMorphFileAdapter]: File Not Found, creating...: {
	"filePath": "/home/ortho/Desktop/projects/lowgular/ng-bootstrap-starter-kit/src/app/components/login/login.component.html",
	"level": "warn",
	"message": "[TsMorphFileAdapter]: File Not Found, creating..."
}
[warn] [TsMorphFileAdapter]: File Not Found, creating...: {
	"filePath": "/home/ortho/Desktop/projects/lowgular/ng-bootstrap-starter-kit/src/app/components/login/login.component.scss",
	"level": "warn",
	"message": "[TsMorphFileAdapter]: File Not Found, creating..."
}
[info] [EventBus]: Broadcasting event COMPONENT_SMART_COMPONENT_CREATED: {
	"type": "COMPONENT_SMART_COMPONENT_CREATED",
	"payload": {
		"createdFile": "/home/ortho/Desktop/projects/lowgular/ng-bootstrap-starter-kit/src/app/components/login/login.component.ts"
	},
	"level": "info",
	"message": "[EventBus]: Broadcasting event COMPONENT_SMART_COMPONENT_CREATED"
}
[info] [CommandBus]: Dispatching command CREATE_COMPONENT_MODULE: {
	"commandName": "CREATE_COMPONENT_MODULE",
	"payload": {
		"moduleFilePath": "/home/ortho/Desktop/projects/lowgular/ng-bootstrap-starter-kit/src/app/components/login/login.component-module.ts"
	},
	"level": "info",
	"message": "[CommandBus]: Dispatching command CREATE_COMPONENT_MODULE"
}
[info] [EventBus]: Broadcasted COMPONENT_SMART_COMPONENT_CREATED: {
	"event": {
		"createdFile": "/home/ortho/Desktop/projects/lowgular/ng-bootstrap-starter-kit/src/app/components/login/login.component.ts"
	},
	"level": "info",
	"message": "[EventBus]: Broadcasted COMPONENT_SMART_COMPONENT_CREATED"
}
[info] [EventBus]: Broadcasting event MODULE_MODULE_CREATED: {
	"type": "MODULE_MODULE_CREATED",
	"payload": {
		"moduleFile": "/home/ortho/Desktop/projects/lowgular/ng-bootstrap-starter-kit/src/app/components/login/login.component-module.ts"
	},
	"level": "info",
	"message": "[EventBus]: Broadcasting event MODULE_MODULE_CREATED"
}
[info] [EventBus]: Broadcasted MODULE_MODULE_CREATED: {
	"event": {
		"moduleFile": "/home/ortho/Desktop/projects/lowgular/ng-bootstrap-starter-kit/src/app/components/login/login.component-module.ts"
	},
	"level": "info",
	"message": "[EventBus]: Broadcasted MODULE_MODULE_CREATED"
}
[info] [CommandBus]: Handled  CREATE_COMPONENT_MODULE: {
	"commandName": "CREATE_COMPONENT_MODULE",
	"payload": {
		"moduleFilePath": "/home/ortho/Desktop/projects/lowgular/ng-bootstrap-starter-kit/src/app/components/login/login.component-module.ts"
	},
	"level": "info",
	"message": "[CommandBus]: Handled  CREATE_COMPONENT_MODULE"
}
[info] [CommandBus]: Handled  COMPONENT_CREATE_SMART_COMPONENT: {
	"commandName": "COMPONENT_CREATE_SMART_COMPONENT",
	"payload": {
		"name": "login",
		"prefix": "app",
		"suffix": "Component",
		"absoluteFolderPath": "/home/ortho/Desktop/projects/lowgular/ng-bootstrap-starter-kit/src/app/components/login",
		"config": {
			"stylesExtension": "scss",
			"viewEncapsulation": "Emulated",
			"selector": "generated",
			"changeDetectionStrategy": "OnPush"
		}
	},
	"level": "info",
	"message": "[CommandBus]: Handled  COMPONENT_CREATE_SMART_COMPONENT"
}
[info] [CLI] Called Command angular-component/create: {
	"message": "[CLI] Called Command angular-component/create",
	"level": "info"
}
[info] [API] Response ok: angular-component/create: {
	"result": {
		"filePath": "/home/ortho/Desktop/projects/lowgular/ng-bootstrap-starter-kit/src/app/components/login/login.component.ts"
	},
	"level": "info",
	"message": "[API] Response ok: angular-component/create"
}
[info] [API] Request for entity/actions: {
	"action": "entity/actions",
	"params": {
		"clickedPath": "/home/ortho/Desktop/projects/lowgular/ng-bootstrap-starter-kit/src/app/components/login/login.component.ts",
		"position": 335
	},
	"context": {
		"workspace": {
			"rootPath": "/home/ortho/Desktop/projects/lowgular/ng-bootstrap-starter-kit"
		},
		"userContext": {
			"id": "ARafTbe6qH",
			"correlationId": "SjUSsDJjTF",
			"clickedPath": "/home/ortho/Desktop/projects/lowgular/ng-bootstrap-starter-kit/src/app/components/login/login.component.ts",
			"logEnvId": "development"
		}
	},
	"level": "info",
	"message": "[API] Request for entity/actions"
}
[info] [CLI] Calling Query entity/actions: {
	"funcParams": {
		"clickedPath": "/home/ortho/Desktop/projects/lowgular/ng-bootstrap-starter-kit/src/app/components/login/login.component.ts",
		"position": 335
	},
	"level": "info",
	"message": "[CLI] Calling Query entity/actions"
}
[info] [CLI] Called Query entity/actions: {
	"result": {
		"context": {
			"parentClass": "LoginComponent"
		},
		"children": [
			{
				"label": "Properties",
				"children": [
					{
						"actionId": "ADD_FORM",
						"label": "Create Form Property",
						"callPath": []
					},
					{
						"actionId": "RXJS_PROPERTY_CREATE",
						"label": "Create Data Property",
						"callPath": []
					},
					{
						"actionId": "RXJS_PROPERTY_SUBJECT_CREATE",
						"label": "Create Subject Property",
						"callPath": []
					}
				]
			},
			{
				"label": "Inject",
				"actionId": "INJECT",
				"callPath": []
			},
			{
				"label": "Methods",
				"children": [
					{
						"actionId": "METHOD_CREATE",
						"label": "Create New Method",
						"callPath": []
					}
				]
			},
			{
				"label": "Add Component to Route",
				"actionId": "ADD_TO_ROUTE",
				"callPath": []
			}
		]
	},
	"level": "info",
	"message": "[CLI] Called Query entity/actions"
}
[info] [API] Response ok: entity/actions: {
	"result": {
		"context": {
			"parentClass": "LoginComponent"
		},
		"children": [
			{
				"label": "Properties",
				"children": [
					{
						"actionId": "ADD_FORM",
						"label": "Create Form Property",
						"callPath": []
					},
					{
						"actionId": "RXJS_PROPERTY_CREATE",
						"label": "Create Data Property",
						"callPath": []
					},
					{
						"actionId": "RXJS_PROPERTY_SUBJECT_CREATE",
						"label": "Create Subject Property",
						"callPath": []
					}
				]
			},
			{
				"label": "Inject",
				"actionId": "INJECT",
				"callPath": []
			},
			{
				"label": "Methods",
				"children": [
					{
						"actionId": "METHOD_CREATE",
						"label": "Create New Method",
						"callPath": []
					}
				]
			},
			{
				"label": "Add Component to Route",
				"actionId": "ADD_TO_ROUTE",
				"callPath": []
			}
		]
	},
	"level": "info",
	"message": "[API] Response ok: entity/actions"
}
[info] [API] Request for routing/add: {
	"action": "routing/add",
	"params": {
		"routeName": "login",
		"componentFile": "/home/ortho/Desktop/projects/lowgular/ng-bootstrap-starter-kit/src/app/components/login/login.component.ts"
	},
	"context": {
		"workspace": {
			"rootPath": "/home/ortho/Desktop/projects/lowgular/ng-bootstrap-starter-kit"
		},
		"userContext": {
			"id": "ARafTbe6qH",
			"correlationId": "SjUSsDJjTF",
			"clickedPath": "/home/ortho/Desktop/projects/lowgular/ng-bootstrap-starter-kit/src/app/components/login/login.component.ts",
			"logEnvId": "development"
		}
	},
	"level": "info",
	"message": "[API] Request for routing/add"
}
[info] [CLI] Calling Command routing/add: {
	"funcParams": {
		"routeName": "login",
		"componentFile": "/home/ortho/Desktop/projects/lowgular/ng-bootstrap-starter-kit/src/app/components/login/login.component.ts"
	},
	"level": "info",
	"message": "[CLI] Calling Command routing/add"
}
[info] [CommandBus]: Dispatching command AddRouteCommand: {
	"commandName": "AddRouteCommand",
	"payload": {
		"routingFilePath": "/home/ortho/Desktop/projects/lowgular/ng-bootstrap-starter-kit/src/app/app-routing.module.ts",
		"routeName": "login",
		"componentFile": "/home/ortho/Desktop/projects/lowgular/ng-bootstrap-starter-kit/src/app/components/login/login.component.ts",
		"relatedModulePaths": [
			"/home/ortho/Desktop/projects/lowgular/ng-bootstrap-starter-kit/src/app/components/login/login.component-module.ts"
		]
	},
	"level": "info",
	"message": "[CommandBus]: Dispatching command AddRouteCommand"
}
[info] [CommandBus]: Handled  AddRouteCommand: {
	"commandName": "AddRouteCommand",
	"payload": {
		"routingFilePath": "/home/ortho/Desktop/projects/lowgular/ng-bootstrap-starter-kit/src/app/app-routing.module.ts",
		"routeName": "login",
		"componentFile": "/home/ortho/Desktop/projects/lowgular/ng-bootstrap-starter-kit/src/app/components/login/login.component.ts",
		"relatedModulePaths": [
			"/home/ortho/Desktop/projects/lowgular/ng-bootstrap-starter-kit/src/app/components/login/login.component-module.ts"
		]
	},
	"level": "info",
	"message": "[CommandBus]: Handled  AddRouteCommand"
}
[info] [CLI] Called Command routing/add: {
	"message": "[CLI] Called Command routing/add",
	"level": "info"
}
[info] [API] Response ok: routing/add: {
	"result": {
		"filePath": "/home/ortho/Desktop/projects/lowgular/ng-bootstrap-starter-kit/src/app/app-routing.module.ts"
	},
	"level": "info",
	"message": "[API] Response ok: routing/add"
}
